
> rileys-office@0.1.0 build
> next build

   ▲ Next.js 15.5.14

   Creating an optimized production build ...
 ✓ Compiled successfully in 8.0s
   Linting and checking validity of types ...
   Collecting page data ...
   Generating static pages (0/6) ...
   Generating static pages (1/6) 
   Generating static pages (2/6) 
   Generating static pages (4/6) 
 ✓ Generating static pages (6/6)
   Finalizing page optimization ...
   Collecting build traces ...

Route (app)                                 Size  First Load JS
┌ ○ /                                      164 B         106 kB
├ ○ /_not-found                            993 B         103 kB
├ ○ /activity                              131 B         102 kB
├ ƒ /agents/[agentid]                      131 B         102 kB
├ ○ /inbox                                 131 B         102 kB
└ ƒ /projects/[projectid]                  164 B         106 kB
+ First Load JS shared by all             102 kB
  ├ chunks/255-38b49df12a94ee57.js         46 kB
  ├ chunks/4bd1b696-c023c6e3521b1417.js  54.2 kB
  └ other shared chunks (total)          1.96 kB


○  (Static)   prerendered as static content
ƒ  (Dynamic)  server-rendered on demand

